Command line:
   top_tb00_isim_beh.exe
     -simmode  gui
     -simrunnum  0
     -socket  46449

Wed Feb 26 09:53:44 2020


 Elaboration Time: 0.04 sec

 Current Memory Usage: 200.135 Meg

 Total Signals          : 21
 Total Nets             : 8
 Total Signal Drivers   : 5
 Total Blocks           : 5
 Total Primitive Blocks : 3
 Total Processes        : 6
 Total Traceable Variables  : 8
 Total Scalar Nets and Variables : 368
Total Line Count : 7

 Total Simulation Time: 0.08 sec

 Current Memory Usage: 275.636 Meg

Wed Feb 26 10:52:00 2020

